Cmd:JSON->0 Output format set to JSON
I2CS 0
I2CS 1
GPID
BMID
DHTU
Cmd:I2CS->0 Bus:0 0x28 Found:1 Devices
Cmd:I2CS->0 Bus:1 0x1D 0x40 0x5D Found:3 Devices
Cmd:GPID->503 GPS: FAIL No GPS found YET
Cmd:BMID->0 BMP: PASS: Found LPS25H on MB bus 1
Cmd:DHTU->0 rd:0x3A th:0x66 tl:0x40 tc:0x32 hh:0x57 hl:0x16 hc:0xAC t:23.33504c rh:36.52243
I2CS 0
I2CS 1
GPID
BMID
DHTU
Cmd:I2CS->0 Bus:0 0x28 Found:1 Devices
Cmd:I2CS->0 Bus:1 0x1D 0x40 0x5D Found:3 Devices
Cmd:GPID->503 GPS: FAIL No GPS found YET
Cmd:BMID->0 BMP: PASS: Found LPS25H on MB bus 1
Cmd:DHTU->0 rd:0x3A th:0x66 tl:0x6C tc:0xC9 hh:0x56 hl:0xF2 hc:0x5D t:23.45301c rh:36.45377
Arduino < DGPS
Cmd:DGPS->0 
Arduino < DGPS 1
Cmd:DGPS->0 
I2CS 0
I2CS 1
GPID
BMID
DHTU
Cmd:I2CS->0 Bus:0 0x28 Found:1 Devices
Cmd:GPID->0 GPS: PASS Id:76 QUECTL L76 chip GPS found
Cmd:BMID->0 BMP: PASS: Found LPS25H on MB bus 1
Cmd:DHTU->0 rd:0x3A th:0x66 tl:0xD8 tc:0xB2 hh:0x56 hl:0x7A hc:0x9E t:23.74259c rh:36.22488
ARDUINO STATUS
Status........: Upt:102 Frq:41998290 Qsz:0 Mis:0
BusError......: Ber:0 Adr:0 Reg:0 Bus:0
GPS date......: Yer:2016 Mnt:11 Day:27
Parameters....: Adn:8 Gri:0 Eqt:1 Chm:3
HardwareStatus: Htu:58 Bmp:2 Acl:2 Mag:2 Gps:1
Location......: Lat:4614.275391 Lon:602.201904 Alt:490.0
Accelarometer.: Acx:0.215485 Acy:0.040703 Acz:-9.38017
Magnatometer..: Mgx:-0.010132 Mgy:0.00586 Mgz:0.130131
Barometer.....: Tmb:19.704 Prs:968.388 Alb:380.3
Humidity......: Tmh:23.7 Hum:36.3
Vibration.....: Vax:7 Vcn:1
Magnetic Event: Mev:4 Met:0.036622 Mdx:0.000977 Mdy:-0.001221 Mdz:-0.04004
HT power......: Ato:0x64 Hpu:0x00 Thr:0x30 Abr:0x13


-----
Evt:1 Frq:41998289 Tks:36644382 Etm:165115.872521
Upt:107 Sec:165114 Sqn:46

-----
Evt:1 Frq:41998289 Tks:32666352 Etm:165117.777802
Upt:108 Sec:165115 Sqn:47

-----
Evt:1 Frq:41998288 Tks:4266007 Etm:165119.101576
Upt:111 Sec:165118 Sqn:48

-----
Evt:2 Frq:41998288 Tks:18780037 Etm:165119.548738
Upt:111 Sec:165118 Sqn:49

-----
Evt:1 Frq:41998289 Tks:1404794 Etm:165121.033449
Upt:112 Sec:165119 Sqn:50

-----
Evt:2 Frq:41998289 Tks:3614706 Etm:165121.119517
Upt:112 Sec:165119 Sqn:51

-----
Evt:3 Frq:41998289 Tks:7096612 Etm:165121.288491
Upt:112 Sec:165119 Sqn:52

-----
Evt:4 Frq:41998289 Tks:8247440 Etm:165121.484866
Upt:112 Sec:165119 Sqn:53

-----
Evt:1 Frq:41998288 Tks:1101269 Etm:165122.026222
Upt:114 Sec:165121 Sqn:54

-----
Evt:2 Frq:41998288 Tks:14090963 Etm:165122.361735
Upt:114 Sec:165121 Sqn:55

-----
Evt:1 Frq:41998288 Tks:5091988 Etm:165123.121243
Upt:115 Sec:165122 Sqn:56

-----
Evt:2 Frq:41998288 Tks:14106194 Etm:165123.457118
Upt:115 Sec:165122 Sqn:57
