Cmd:JSON->0 Output format set to JSON
I2CS 0
I2CS 1
GPID
BMID
DHTU
Cmd:I2CS->0 Bus:0 0x28 Found:1 Devices
Cmd:GPID->0 GPS: PASS Id:76 QUECTL L76 chip GPS found
Cmd:BMID->0 BMP: PASS: Found LPS25H on MB bus 1
Cmd:DHTU->0 rd:0x3A th:0x68 tl:0x2C tc:0x99 hh:0x3C hl:0x72 hc:0x9C t:24.65423c rh:23.51431
ARDUINO STATUS
Status........: Upt:30 Frq:41998405 Qsz:2 Mis:0
BusError......: Ber:0 Adr:0 Reg:0 Bus:0
GPS date......: Yer:2016 Mnt:12 Day:3
Parameters....: Adn:8 Gri:0 Eqt:1 Chm:3
HardwareStatus: Htu:58 Bmp:2 Acl:2 Mag:2 Gps:1
Location......: Lat:4614.077148 Lon:603.302795 Alt:449.0
Accelarometer.: Acx:0.144255 Acy:-0.216682 Acz:-9.332284
Magnatometer..: Mgx:0.081545 Mgy:0.039918 Mgz:0.239265
Barometer.....: Tmb:22.74 Prs:974.554 Alb:327.2
Humidity......: Tmh:24.676 Hum:23.4
Vibration.....: Vax:0 Vcn:0
Magnetic Event: Mev:1 Met:0.036622 Mdx:-0.061403 Mdy:-0.014283 Mdz:-0.001099
HT power......: Ato:0x60 Hpu:0x00 Thr:0x30 Abr:0x13


-----
Evt:1 Frq:41998405 Tks:13422097 Etm:180337.319586
Upt:35 Sec:180336 Sqn:34

-----
Evt:2 Frq:41998405 Tks:20632517 Etm:180337.810855
Upt:35 Sec:180336 Sqn:35

-----
Evt:1 Frq:41998404 Tks:22757627 Etm:180338.541869
Upt:36 Sec:180337 Sqn:36

-----
Evt:1 Frq:41998404 Tks:1174325 Etm:180339.027961
Upt:37 Sec:180338 Sqn:37

-----
Evt:2 Frq:41998404 Tks:19416351 Etm:180339.490273
Upt:37 Sec:180338 Sqn:38

-----
Evt:1 Frq:41998403 Tks:37631606 Etm:180340.896025
Upt:38 Sec:180339 Sqn:39

-----
Evt:1 Frq:41998403 Tks:1528041 Etm:180342.036383
Upt:40 Sec:180341 Sqn:40

-----
Evt:2 Frq:41998403 Tks:3680423 Etm:180342.124016
Upt:40 Sec:180341 Sqn:41

-----
Evt:3 Frq:41998403 Tks:15911089 Etm:180342.502866
Upt:40 Sec:180341 Sqn:42

-----
Evt:1 Frq:41998404 Tks:3031868 Etm:180343.07219
Upt:41 Sec:180342 Sqn:43

-----
Evt:2 Frq:41998404 Tks:3199946 Etm:180343.148382
Upt:41 Sec:180342 Sqn:44

-----
Evt:3 Frq:41998404 Tks:6586007 Etm:180343.305198
Upt:41 Sec:180342 Sqn:45

-----
Evt:1 Frq:41998403 Tks:1802039 Etm:180344.042907
Upt:42 Sec:180343 Sqn:46

-----
Evt:2 Frq:41998403 Tks:6274510 Etm:180344.192306
Upt:42 Sec:180343 Sqn:47

-----
Evt:3 Frq:41998403 Tks:10352850 Etm:180344.438812
Upt:42 Sec:180343 Sqn:48

-----
Evt:1 Frq:41998403 Tks:5962664 Etm:180345.141974
Upt:43 Sec:180344 Sqn:49

-----
Evt:1 Frq:41998403 Tks:3561121 Etm:180346.084792
Upt:44 Sec:180345 Sqn:50

-----
Evt:2 Frq:41998403 Tks:6916369 Etm:180346.249474
Upt:44 Sec:180345 Sqn:51

-----
Evt:3 Frq:41998403 Tks:9765549 Etm:180346.481995
Upt:44 Sec:180345 Sqn:52

-----
Evt:1 Frq:41998403 Tks:360582 Etm:180347.008586
Upt:45 Sec:180346 Sqn:53

-----
Evt:2 Frq:41998403 Tks:1803321 Etm:180347.051524
Upt:45 Sec:180346 Sqn:54

-----
Evt:3 Frq:41998403 Tks:5268884 Etm:180347.176978
Upt:45 Sec:180346 Sqn:55

-----
Evt:4 Frq:41998403 Tks:10215309 Etm:180347.420209
Upt:45 Sec:180346 Sqn:56

-----
Evt:1 Frq:41998402 Tks:7510065 Etm:180348.178818
Upt:46 Sec:180347 Sqn:57

-----
Evt:1 Frq:41998403 Tks:4426015 Etm:180349.105385
Upt:47 Sec:180348 Sqn:58

-----
Evt:2 Frq:41998403 Tks:6714709 Etm:180349.265265
Upt:47 Sec:180348 Sqn:59

-----
Evt:3 Frq:41998403 Tks:13265007 Etm:180349.581111
Upt:47 Sec:180348 Sqn:60

-----
Evt:1 Frq:41998402 Tks:4116562 Etm:180350.098017
Upt:48 Sec:180349 Sqn:61

-----
Evt:2 Frq:41998402 Tks:16371309 Etm:180350.487825
Upt:48 Sec:180349 Sqn:62

-----
Evt:1 Frq:41998402 Tks:6606530 Etm:180351.157304
Upt:49 Sec:180350 Sqn:63

-----
Evt:2 Frq:41998402 Tks:11537128 Etm:180351.432008
Upt:49 Sec:180350 Sqn:64

-----
Evt:1 Frq:41998402 Tks:7036987 Etm:180352.167554
Upt:50 Sec:180351 Sqn:65

-----
Evt:2 Frq:41998402 Tks:11946615 Etm:180352.452008
Upt:50 Sec:180351 Sqn:66

-----
Evt:1 Frq:41998402 Tks:12280066 Etm:180353.292394
Upt:51 Sec:180352 Sqn:67

-----
Evt:1 Frq:41998402 Tks:3320609 Etm:180354.079065
Upt:52 Sec:180353 Sqn:68

-----
Evt:2 Frq:41998402 Tks:5855403 Etm:180354.218485
Upt:52 Sec:180353 Sqn:69

-----
Evt:3 Frq:41998402 Tks:9594895 Etm:180354.446943
Upt:52 Sec:180353 Sqn:70

-----
Evt:1 Frq:41998401 Tks:2941648 Etm:180355.070042
Upt:53 Sec:180354 Sqn:71

-----
Evt:2 Frq:41998401 Tks:6293744 Etm:180355.219899
Upt:53 Sec:180354 Sqn:72

-----
Evt:3 Frq:41998401 Tks:7877540 Etm:180355.407466
Upt:53 Sec:180354 Sqn:73

-----
Evt:4 Frq:41998401 Tks:9616740 Etm:180355.636445
Upt:53 Sec:180354 Sqn:74

-----
Evt:1 Frq:41998402 Tks:577045 Etm:180356.01374
Upt:54 Sec:180355 Sqn:75

-----
Evt:2 Frq:41998402 Tks:1874341 Etm:180356.058369
Upt:54 Sec:180355 Sqn:76

-----
Evt:3 Frq:41998402 Tks:2045468 Etm:180356.107072
Upt:54 Sec:180355 Sqn:77

-----
Evt:4 Frq:41998402 Tks:2204178 Etm:180356.159554
Upt:54 Sec:180355 Sqn:78

-----
Evt:5 Frq:41998402 Tks:5924510 Etm:180356.30062
Upt:54 Sec:180355 Sqn:79
