Cmd:JSON->0 Output format set to JSON
I2CS 0
I2CS 1
GPID
BMID
DHTU
Cmd:I2CS->0 Bus:0 0x28 Found:1 Devices
Cmd:I2CS->0 Bus:1 0x1D 0x40 0x5D Found:3 Devices
Cmd:GPID->503 GPS: PASS GPS found, but no ID available
Cmd:BMID->0 BMP: PASS: Found LPS25H on MB bus 1
Cmd:DHTU->0 rd:0x3A th:0x62 tl:0x24 tc:0xCE hh:0x55 hl:0xFA hc:0xC9 t:20.51434c rh:35.98074
ARDUINO STATUS
Status........: Upt:22 Frq:41998362 Qsz:1 Mis:0
BusError......: Ber:0 Adr:0 Reg:0 Bus:0
GPS date......: Yer:0 Mnt:0 Day:0
Parameters....: Adn:8 Gri:0 Eqt:1 Chm:3
HardwareStatus: Htu:58 Bmp:2 Acl:2 Mag:2 Gps:1
Location......: Lat:4614.277344 Lon:602.203918 Alt:471.0
Accelarometer.: Acx:0.043097 Acy:-0.264567 Acz:-9.607028
Magnatometer..: Mgx:-0.02649 Mgy:-0.012818 Mgz:0.146977
Barometer.....: Tmb:17.938 Prs:969.038 Alb:374.7
Humidity......: Tmh:20.461 Hum:36.0
Vibration.....: Vax:0 Vcn:0
Magnetic Event: Mev:0 Met:0 Mdx:0.0 Mdy:0.0 Mdz:0.0
HT power......: Ato:0x6C Hpu:0x00 Thr:0x30 Abr:0x13


-----
Evt:1 Frq:41998360 Tks:2578494 Etm:171759.061395
Upt:32 Sec:171758 Sqn:30

-----
Evt:2 Frq:41998360 Tks:16557099 Etm:171759.455627
Upt:32 Sec:171758 Sqn:31

-----
Evt:1 Frq:41998360 Tks:38848937 Etm:171800.925011
Upt:33 Sec:171759 Sqn:32

-----
Evt:1 Frq:41998359 Tks:28234571 Etm:171801.672278
Upt:34 Sec:171800 Sqn:33

-----
Evt:1 Frq:41998359 Tks:15883453 Etm:171802.378192
Upt:35 Sec:171801 Sqn:34

-----
Evt:1 Frq:41998359 Tks:2327124 Etm:171804.05541
Upt:37 Sec:171803 Sqn:35

-----
Evt:2 Frq:41998359 Tks:32664778 Etm:171804.833173
Upt:37 Sec:171803 Sqn:36

-----
Evt:1 Frq:41998358 Tks:2335908 Etm:171806.055619
Upt:39 Sec:171805 Sqn:37

-----
Evt:2 Frq:41998358 Tks:7114792 Etm:171806.225025
Upt:39 Sec:171805 Sqn:38

-----
Evt:3 Frq:41998358 Tks:7244048 Etm:171806.39751
Upt:39 Sec:171805 Sqn:39

-----
Evt:4 Frq:41998358 Tks:25199867 Etm:171806.99753
Upt:39 Sec:171805 Sqn:40

-----
Evt:1 Frq:41998358 Tks:202302 Etm:171807.004817
Upt:40 Sec:171806 Sqn:41

-----
Evt:1 Frq:41998358 Tks:13018905 Etm:171808.309986
Upt:41 Sec:171807 Sqn:42

-----
Evt:1 Frq:41998357 Tks:2357232 Etm:171810.056127
Upt:43 Sec:171809 Sqn:43
