I2CS 0
I2CS 1
GPID
BMID
DHTU
Cmd:JSON->0 Output format set to JSON
Cmd:I2CS->0 Bus:0 0x28 Found:1 Devices
Cmd:I2CS->0 Bus:1 0x1D 0x40 0x5D Found:3 Devices
Cmd:GPID->0 GPS: PASS Id:76 QUECTL L76 chip GPS found
Cmd:BMID->0 BMP: PASS: Found LPS25H on MB bus 1
Cmd:DHTU->0 rd:0x3A th:0x65 tl:0xCC tc:0x18 hh:0x35 hl:0xDA hc:0x1A t:23.02401c rh:20.29471
ARDUINO STATUS
Status........: Upt:13 Frq:41998242 Qsz:1 Mis:0
BusError......: Ber:0 Adr:0 Reg:0 Bus:0
GPS date......: Yer:2016 Mnt:12 Day:3
Parameters....: Adn:8 Gri:0 Eqt:1 Chm:3
HardwareStatus: Htu:58 Bmp:2 Acl:2 Mag:2 Gps:1
Location......: Lat:4614.069336 Lon:603.317505 Alt:442.0
Accelarometer.: Acx:0.372908 Acy:0.02933 Acz:-9.21257
Magnatometer..: Mgx:0.111454 Mgy:0.037355 Mgz:0.205695
Barometer.....: Tmb:20.633 Prs:975.362 Alb:320.3
Humidity......: Tmh:23.003 Hum:20.3
Vibration.....: Vax:0 Vcn:0
Magnetic Event: Mev:0 Met:0 Mdx:0.0 Mdy:0.0 Mdz:0.0
HT power......: Ato:0x70 Hpu:0x00 Thr:0x30 Abr:0x13


-----
Evt:1 Frq:41998242 Tks:2058881 Etm:174836.049023
Upt:17 Sec:174835 Sqn:45

-----
Evt:2 Frq:41998242 Tks:8127334 Etm:174836.242539
Upt:17 Sec:174835 Sqn:46

-----
Evt:3 Frq:41998242 Tks:11007980 Etm:174836.504645
Upt:17 Sec:174835 Sqn:47

-----
Evt:4 Frq:41998242 Tks:11661178 Etm:174836.782303
Upt:17 Sec:174835 Sqn:48

-----
Evt:1 Frq:41998243 Tks:4189366 Etm:174837.099751
Upt:18 Sec:174836 Sqn:49

-----
Evt:2 Frq:41998243 Tks:7639672 Etm:174837.281656
Upt:18 Sec:174836 Sqn:50

-----
Evt:3 Frq:41998243 Tks:13415002 Etm:174837.601074
Upt:18 Sec:174836 Sqn:51

-----
Evt:1 Frq:41998242 Tks:8823695 Etm:174838.210097
Upt:19 Sec:174837 Sqn:52

-----
Evt:2 Frq:41998242 Tks:9137786 Etm:174838.427672
Upt:19 Sec:174837 Sqn:53

-----
Evt:3 Frq:41998242 Tks:10983933 Etm:174838.689205
Upt:19 Sec:174837 Sqn:54

-----
Evt:1 Frq:41998243 Tks:2816925 Etm:174839.067072
Upt:20 Sec:174838 Sqn:55

-----
Evt:2 Frq:41998243 Tks:3385080 Etm:174839.147673
Upt:20 Sec:174838 Sqn:56

-----
Evt:3 Frq:41998243 Tks:7170710 Etm:174839.318411
Upt:20 Sec:174838 Sqn:57

-----
Evt:4 Frq:41998243 Tks:10557024 Etm:174839.569779
Upt:20 Sec:174838 Sqn:58

-----
Evt:1 Frq:41998242 Tks:3454199 Etm:174840.082246
Upt:21 Sec:174839 Sqn:59

-----
Evt:2 Frq:41998242 Tks:5370863 Etm:174840.210129
Upt:21 Sec:174839 Sqn:60

-----
Evt:3 Frq:41998242 Tks:12383253 Etm:174840.504981
Upt:21 Sec:174839 Sqn:61

-----
Evt:1 Frq:41998242 Tks:1336280 Etm:174841.031818
Upt:22 Sec:174840 Sqn:62

-----
Evt:2 Frq:41998242 Tks:6667027 Etm:174841.190563
Upt:22 Sec:174840 Sqn:63

-----
Evt:1 Frq:41998242 Tks:16129851 Etm:174842.38406
Upt:23 Sec:174841 Sqn:64

-----
Evt:2 Frq:41998242 Tks:18372514 Etm:174842.821519
Upt:23 Sec:174841 Sqn:65

-----
Evt:1 Frq:41998242 Tks:2268441 Etm:174843.054013
Upt:24 Sec:174842 Sqn:66

-----
Evt:2 Frq:41998242 Tks:2705254 Etm:174843.118426
Upt:24 Sec:174842 Sqn:67

-----
Evt:3 Frq:41998242 Tks:10064396 Etm:174843.358065
Upt:24 Sec:174842 Sqn:68

-----
Evt:1 Frq:41998242 Tks:7608924 Etm:174844.181172
Upt:25 Sec:174843 Sqn:69

-----
Evt:1 Frq:41998242 Tks:25107424 Etm:174845.597821
Upt:26 Sec:174844 Sqn:70

-----
Evt:1 Frq:41998242 Tks:16705117 Etm:174846.397758
Upt:27 Sec:174845 Sqn:71

-----
Evt:1 Frq:41998242 Tks:8952635 Etm:174847.213167
Upt:28 Sec:174846 Sqn:72

-----
Evt:2 Frq:41998242 Tks:15180369 Etm:174847.574619
Upt:28 Sec:174846 Sqn:73

-----
Evt:1 Frq:41998242 Tks:16448148 Etm:174848.391639
Upt:29 Sec:174847 Sqn:74

-----
Evt:1 Frq:41998241 Tks:12581497 Etm:174849.299572
Upt:30 Sec:174848 Sqn:75

-----
Evt:1 Frq:41998242 Tks:4256639 Etm:174850.101353
Upt:31 Sec:174849 Sqn:76

-----
Evt:2 Frq:41998242 Tks:16451750 Etm:174850.493077
Upt:31 Sec:174849 Sqn:77

-----
Evt:1 Frq:41998242 Tks:1384643 Etm:174851.032969
Upt:32 Sec:174850 Sqn:78

-----
Evt:2 Frq:41998242 Tks:15809876 Etm:174851.40941
Upt:32 Sec:174850 Sqn:79

-----
Evt:1 Frq:41998241 Tks:1739096 Etm:174852.041409
Upt:33 Sec:174851 Sqn:80

-----
Evt:2 Frq:41998241 Tks:13447022 Etm:174852.361589
Upt:33 Sec:174851 Sqn:81

-----
Evt:1 Frq:41998242 Tks:1272577 Etm:174853.030301
Upt:34 Sec:174852 Sqn:82

-----
Evt:2 Frq:41998242 Tks:2726164 Etm:174853.095212
Upt:34 Sec:174852 Sqn:83

-----
Evt:3 Frq:41998242 Tks:6545411 Etm:174853.251062
Upt:34 Sec:174852 Sqn:84

-----
Evt:4 Frq:41998242 Tks:11796997 Etm:174853.531954
Upt:34 Sec:174852 Sqn:85

-----
Evt:1 Frq:41998242 Tks:484039 Etm:174854.011525
Upt:35 Sec:174853 Sqn:86

-----
Evt:2 Frq:41998242 Tks:8623091 Etm:174854.216845
Upt:35 Sec:174853 Sqn:87

-----
Evt:3 Frq:41998242 Tks:14909249 Etm:174854.571843
Upt:35 Sec:174853 Sqn:88

-----
Evt:1 Frq:41998241 Tks:5922506 Etm:174855.141018
Upt:36 Sec:174854 Sqn:89

-----
Evt:2 Frq:41998241 Tks:13327382 Etm:174855.45835
Upt:36 Sec:174854 Sqn:90
